#
# There is insufficient memory for the Java Runtime Environment to continue.
# Native memory allocation (mmap) failed to map 262144000 bytes. Error detail: G1 virtual space
# Possible reasons:
#   The system is out of physical RAM or swap space
#   This process is running with CompressedOops enabled, and the Java Heap may be blocking the growth of the native heap
# Possible solutions:
#   Reduce memory load on the system
#   Increase physical memory or swap space
#   Check if swap backing store is full
#   Decrease Java heap size (-Xmx/-Xms)
#   Decrease number of Java threads
#   Decrease Java thread stack sizes (-Xss)
#   Set larger code cache with -XX:ReservedCodeCacheSize=
#   JVM is running with Zero Based Compressed Oops mode in which the Java heap is
#     placed in the first 32GB address space. The Java Heap base address is the
#     maximum limit for the native heap growth. Please use -XX:HeapBaseMinAddress
#     to set the Java Heap base and to place the Java Heap above 32GB virtual address.
# This output file may be truncated or incomplete.
#
#  Out of Memory Error (os_windows.cpp:3703), pid=21288, tid=12456
#
# JRE version:  (23.0.1+11) (build )
# Java VM: OpenJDK 64-Bit Server VM (23.0.1+11, mixed mode, sharing, tiered, compressed oops, compressed class ptrs, g1 gc, windows-amd64)
# No core dump will be written. Minidumps are not enabled by default on client versions of Windows
#

---------------  S U M M A R Y ------------

Command Line: -Dfile.encoding=UTF-8 -Dstdout.encoding=UTF-8 -Dstderr.encoding=UTF-8 -XX:+ShowCodeDetailsInExceptionMessages test.GenerateJar

Host: Intel(R) Core(TM) i7-10510U CPU @ 1.80GHz, 8 cores, 15G,  Windows 11 , 64 bit Build 22621 (10.0.22621.4391)
Time: Fri Jan 17 11:32:42 2025 SE Asia Standard Time elapsed time: 0.019838 seconds (0d 0h 0m 0s)

---------------  T H R E A D  ---------------

Current thread (0x0000025d1620fb80):  JavaThread "Unknown thread" [_thread_in_vm, id=12456, stack(0x000000bbc2100000,0x000000bbc2200000) (1024K)]

Stack: [0x000000bbc2100000,0x000000bbc2200000]
Native frames: (J=compiled Java code, j=interpreted, Vv=VM code, C=native code)
V  [jvm.dll+0x6e8c79]  (no source info available)
V  [jvm.dll+0x8d9253]  (no source info available)
V  [jvm.dll+0x8db6de]  (no source info available)
V  [jvm.dll+0x8dbdb3]  (no source info available)
V  [jvm.dll+0x281aa6]  (no source info available)
V  [jvm.dll+0x6e5575]  (no source info available)
V  [jvm.dll+0x6d958a]  (no source info available)
V  [jvm.dll+0x3625fa]  (no source info available)
V  [jvm.dll+0x36aa26]  (no source info available)
V  [jvm.dll+0x356fce]  (no source info available)
V  [jvm.dll+0x357268]  (no source info available)
V  [jvm.dll+0x32fbfc]  (no source info available)
V  [jvm.dll+0x33089e]  (no source info available)
V  [jvm.dll+0x89f955]  (no source info available)
V  [jvm.dll+0x3bfe88]  (no source info available)
V  [jvm.dll+0x88849c]  (no source info available)
V  [jvm.dll+0x45a16e]  (no source info available)
V  [jvm.dll+0x45bf81]  (no source info available)
C  [jli.dll+0x5278]  (no source info available)
C  [ucrtbase.dll+0x29333]  (no source info available)
C  [KERNEL32.DLL+0x1259d]  (no source info available)
C  [ntdll.dll+0x5af38]  (no source info available)

Lock stack of current Java thread (top to bottom):


---------------  P R O C E S S  ---------------

Threads class SMR info:
_java_thread_list=0x00007ffd18018ad8, length=0, elements={
}

Java Threads: ( => current thread )
Total: 0

Other Threads:
  0x0000025d18634550 WorkerThread "GC Thread#0"                     [id=25172, stack(0x000000bbc2200000,0x000000bbc2300000) (1024K)]
  0x0000025d18649720 ConcurrentGCThread "G1 Main Marker"            [id=18128, stack(0x000000bbc2300000,0x000000bbc2400000) (1024K)]
  0x0000025d1864a230 WorkerThread "G1 Conc#0"                       [id=35924, stack(0x000000bbc2400000,0x000000bbc2500000) (1024K)]

[error occurred during error reporting (printing all threads), id 0xc0000005, EXCEPTION_ACCESS_VIOLATION (0xc0000005) at pc=0x00007ffd176f326a]
VM state: not at safepoint (not fully initialized)

VM Mutex/Monitor currently owned by a thread:  ([mutex/lock_event])
[0x00007ffd1809be70] Heap_lock - owner thread: 0x0000025d1620fb80

Heap address: 0x0000000706400000, size: 3996 MB, Compressed Oops mode: Zero based, Oop shift amount: 3

CDS archive(s) mapped at: [0x0000000000000000-0x0000000000000000-0x0000000000000000), size 0, SharedBaseAddress: 0x0000000800000000, ArchiveRelocationMode: 1.
Narrow klass base: 0x0000000000000000, Narrow klass shift: 0, Narrow klass range: 0x0

GC Precious Log:
 CardTable entry size: 512
 Card Set container configuration: InlinePtr #cards 4 size 8 Array Of Cards #cards 16 size 48 Howl #buckets 8 coarsen threshold 3686 Howl Bitmap #cards 512 size 80 coarsen threshold 460 Card regions per heap region 1 cards per card region 4096

Heap:
 garbage-first heap   total reserved 4091904K, committed 0K, used 0K [0x0000000706400000, 0x0000000800000000)
  region size 2048K, 0 young (0K), 0 survivors (0K)

[error occurred during error reporting (printing heap information), id 0xc0000005, EXCEPTION_ACCESS_VIOLATION (0xc0000005) at pc=0x00007ffd17af51f9]
GC Heap History (0 events):
No events

Dll operation events (1 events):
Event: 0.012 Loaded shared library C:\Users\User01\.p2\pool\plugins\org.eclipse.justj.openjdk.hotspot.jre.full.win32.x86_64_23.0.1.v20241024-1700\jre\bin\java.dll

Deoptimization events (0 events):
No events

Classes loaded (0 events):
No events

Classes unloaded (0 events):
No events

Classes redefined (0 events):
No events

Internal exceptions (0 events):
No events

VM Operations (0 events):
No events

Memory protections (0 events):
No events

Nmethod flushes (0 events):
No events

Events (0 events):
No events


Dynamic libraries:
0x00007ff6a6670000 - 0x00007ff6a667e000 	C:\Users\User01\.p2\pool\plugins\org.eclipse.justj.openjdk.hotspot.jre.full.win32.x86_64_23.0.1.v20241024-1700\jre\bin\javaw.exe
0x00007ffda5330000 - 0x00007ffda5547000 	C:\WINDOWS\SYSTEM32\ntdll.dll
0x00007ffda3790000 - 0x00007ffda3854000 	C:\WINDOWS\System32\KERNEL32.DLL
0x00007ffda2660000 - 0x00007ffda2a1a000 	C:\WINDOWS\System32\KERNELBASE.dll
0x00007ffda2f10000 - 0x00007ffda3021000 	C:\WINDOWS\System32\ucrtbase.dll
0x00007ffd930f0000 - 0x00007ffd9310e000 	C:\Users\User01\.p2\pool\plugins\org.eclipse.justj.openjdk.hotspot.jre.full.win32.x86_64_23.0.1.v20241024-1700\jre\bin\VCRUNTIME140.dll
0x00007ffd930d0000 - 0x00007ffd930e7000 	C:\Users\User01\.p2\pool\plugins\org.eclipse.justj.openjdk.hotspot.jre.full.win32.x86_64_23.0.1.v20241024-1700\jre\bin\jli.dll
0x00007ffda4320000 - 0x00007ffda44ce000 	C:\WINDOWS\System32\USER32.dll
0x00007ffda2600000 - 0x00007ffda2626000 	C:\WINDOWS\System32\win32u.dll
0x00007ffd82780000 - 0x00007ffd82a12000 	C:\WINDOWS\WinSxS\amd64_microsoft.windows.common-controls_6595b64144ccf1df_6.0.22621.4541_none_2710d1c57384c085\COMCTL32.dll
0x00007ffda5100000 - 0x00007ffda5129000 	C:\WINDOWS\System32\GDI32.dll
0x00007ffda3860000 - 0x00007ffda3907000 	C:\WINDOWS\System32\msvcrt.dll
0x00007ffda2cd0000 - 0x00007ffda2deb000 	C:\WINDOWS\System32\gdi32full.dll
0x00007ffda2e70000 - 0x00007ffda2f0a000 	C:\WINDOWS\System32\msvcp_win.dll
0x00007ffda3640000 - 0x00007ffda3671000 	C:\WINDOWS\System32\IMM32.DLL
0x00007ffd930c0000 - 0x00007ffd930cc000 	C:\Users\User01\.p2\pool\plugins\org.eclipse.justj.openjdk.hotspot.jre.full.win32.x86_64_23.0.1.v20241024-1700\jre\bin\vcruntime140_1.dll
0x00007ffd6ca60000 - 0x00007ffd6caed000 	C:\Users\User01\.p2\pool\plugins\org.eclipse.justj.openjdk.hotspot.jre.full.win32.x86_64_23.0.1.v20241024-1700\jre\bin\msvcp140.dll
0x00007ffd173b0000 - 0x00007ffd1817d000 	C:\Users\User01\.p2\pool\plugins\org.eclipse.justj.openjdk.hotspot.jre.full.win32.x86_64_23.0.1.v20241024-1700\jre\bin\server\jvm.dll
0x00007ffda45c0000 - 0x00007ffda4672000 	C:\WINDOWS\System32\ADVAPI32.dll
0x00007ffda4680000 - 0x00007ffda4727000 	C:\WINDOWS\System32\sechost.dll
0x00007ffda2630000 - 0x00007ffda2658000 	C:\WINDOWS\System32\bcrypt.dll
0x00007ffda4f00000 - 0x00007ffda5014000 	C:\WINDOWS\System32\RPCRT4.dll
0x00007ffda4540000 - 0x00007ffda45b1000 	C:\WINDOWS\System32\WS2_32.dll
0x00007ffda1450000 - 0x00007ffda149d000 	C:\WINDOWS\SYSTEM32\POWRPROF.dll
0x00007ffd9f020000 - 0x00007ffd9f054000 	C:\WINDOWS\SYSTEM32\WINMM.dll
0x00007ffd993f0000 - 0x00007ffd993fa000 	C:\WINDOWS\SYSTEM32\VERSION.dll
0x00007ffda1430000 - 0x00007ffda1443000 	C:\WINDOWS\SYSTEM32\UMPDC.dll
0x00007ffda16f0000 - 0x00007ffda1708000 	C:\WINDOWS\SYSTEM32\kernel.appcore.dll
0x00007ffd9d590000 - 0x00007ffd9d59a000 	C:\Users\User01\.p2\pool\plugins\org.eclipse.justj.openjdk.hotspot.jre.full.win32.x86_64_23.0.1.v20241024-1700\jre\bin\jimage.dll
0x00007ffd9fe20000 - 0x00007ffda0052000 	C:\WINDOWS\SYSTEM32\DBGHELP.DLL
0x00007ffda4730000 - 0x00007ffda4abf000 	C:\WINDOWS\System32\combase.dll
0x00007ffda5020000 - 0x00007ffda50f7000 	C:\WINDOWS\System32\OLEAUT32.dll
0x00007ffd9efe0000 - 0x00007ffd9f012000 	C:\WINDOWS\SYSTEM32\dbgcore.DLL
0x00007ffda2df0000 - 0x00007ffda2e6b000 	C:\WINDOWS\System32\bcryptPrimitives.dll
0x00007ffd9d4a0000 - 0x00007ffd9d4be000 	C:\Users\User01\.p2\pool\plugins\org.eclipse.justj.openjdk.hotspot.jre.full.win32.x86_64_23.0.1.v20241024-1700\jre\bin\java.dll
0x00007ffda4d50000 - 0x00007ffda4ef5000 	C:\WINDOWS\System32\ole32.dll
0x00007ffda3aa0000 - 0x00007ffda4318000 	C:\WINDOWS\System32\SHELL32.dll

dbghelp: loaded successfully - version: 4.0.5 - missing functions: none
symbol engine: initialized successfully - sym options: 0x614 - pdb path: .;C:\Users\User01\.p2\pool\plugins\org.eclipse.justj.openjdk.hotspot.jre.full.win32.x86_64_23.0.1.v20241024-1700\jre\bin;C:\WINDOWS\SYSTEM32;C:\WINDOWS\WinSxS\amd64_microsoft.windows.common-controls_6595b64144ccf1df_6.0.22621.4541_none_2710d1c57384c085;C:\Users\User01\.p2\pool\plugins\org.eclipse.justj.openjdk.hotspot.jre.full.win32.x86_64_23.0.1.v20241024-1700\jre\bin\server

VM Arguments:
jvm_args: -Dfile.encoding=UTF-8 -Dstdout.encoding=UTF-8 -Dstderr.encoding=UTF-8 -XX:+ShowCodeDetailsInExceptionMessages 
java_command: test.GenerateJar
java_class_path (initial): D:\develop\try-script\MyMavenProject\target\classes
Launcher Type: SUN_STANDARD

[Global flags]
     intx CICompilerCount                          = 4                                         {product} {ergonomic}
     uint ConcGCThreads                            = 2                                         {product} {ergonomic}
     uint G1ConcRefinementThreads                  = 8                                         {product} {ergonomic}
   size_t G1HeapRegionSize                         = 2097152                                   {product} {ergonomic}
   size_t InitialHeapSize                          = 262144000                                 {product} {ergonomic}
   size_t MarkStackSize                            = 4194304                                   {product} {ergonomic}
   size_t MarkStackSizeMax                         = 536870912                                 {product} {ergonomic}
   size_t MaxHeapSize                              = 4190109696                                {product} {ergonomic}
   size_t MinHeapDeltaBytes                        = 2097152                                   {product} {ergonomic}
   size_t MinHeapSize                              = 8388608                                   {product} {ergonomic}
    uintx NonNMethodCodeHeapSize                   = 5832704                                {pd product} {ergonomic}
    uintx NonProfiledCodeHeapSize                  = 122945536                              {pd product} {ergonomic}
    uintx ProfiledCodeHeapSize                     = 122880000                              {pd product} {ergonomic}
    uintx ReservedCodeCacheSize                    = 251658240                              {pd product} {ergonomic}
     bool SegmentedCodeCache                       = true                                      {product} {ergonomic}
     bool ShowCodeDetailsInExceptionMessages       = true                                   {manageable} {command line}
   size_t SoftMaxHeapSize                          = 4190109696                             {manageable} {ergonomic}
     bool UseCompressedOops                        = true                           {product lp64_product} {ergonomic}
     bool UseG1GC                                  = true                                      {product} {ergonomic}
     bool UseLargePagesIndividualAllocation        = false                                  {pd product} {ergonomic}

Logging:
Log output configuration:
 #0: stdout all=warning uptime,level,tags foldmultilines=false
 #1: stderr all=off uptime,level,tags foldmultilines=false

Environment Variables:
CLASSPATH=C:\Program Files\IBM\MQ\java\lib\com.ibm.mqjms.jar;C:\Program Files\IBM\MQ\java\lib\com.ibm.mq.jar
PATH=C:/Users/User01/.p2/pool/plugins/org.eclipse.justj.openjdk.hotspot.jre.full.win32.x86_64_23.0.1.v20241024-1700/jre/bin/server;C:/Users/User01/.p2/pool/plugins/org.eclipse.justj.openjdk.hotspot.jre.full.win32.x86_64_23.0.1.v20241024-1700/jre/bin;C:\Program Files\IBM\MQ\java\lib;C:\Program Files\IBM\MQ\java\lib64;C:\Program Files\Common Files\Oracle\Java\javapath;C:\app\client\User01\product\12.1.0\client_1\bin;C:\app\User01\product\11.2.0\client_1\bin;C:\ProgramData\Oracle\Java\javapath;C:\Program Files\OpenJDK\jdk-11.0.18.10-hotspot\bin;C:\WINDOWS\system32;C:\WINDOWS;C:\WINDOWS\System32\Wbem;C:\WINDOWS\System32\WindowsPowerShell\v1.0\;C:\WINDOWS\System32\OpenSSH\;C:\Program Files\PuTTY\;C:\Program Files\Microsoft SQL Server\150\Tools\Binn\;C:\Program Files\Microsoft SQL Server\Client SDK\ODBC\170\Tools\Binn\;C:\Program Files\dotnet\;C:\Program Files\Microsoft SQL Server\Client SDK\ODBC\110\Tools\Binn\;C:\Program Files (x86)\Microsoft SQL Server\120\Tools\Binn\ManagementStudio\;C:\Program Files (x86)\Microsoft SQL Server\120\Tools\Binn\;C:\Program Files\Microsoft SQL Server\120\Tools\Binn\;C:\Program Files (x86)\Microsoft SQL Server\120\DTS\Binn\;C:\Program Files\Microsoft SQL Server\120\DTS\Binn\;C:\Program Files\Git\cmd;C:\Program Files\Docker\Docker\resources\bin;C:\ProgramData\DockerDesktop\version-bin;C:\Program Files\TortoiseGit\bin;C:\Program Files\TortoiseSVN\bin;C:\Users\User01\AppData\Roaming\nvm;C:\Program Files\nodejs;C:\Program Files\IBM\MQ\bin64;C:\Program Files\IBM\MQ\bin;C:\Program Files\IBM\MQ\tools\c\samples\bin;C:\Program Files\nodejs\;C:\Users\User01\AppData\Local\Programs\Python\Launcher\;C:\Users\User01\AppData\Local\Microsoft\WindowsApps;C:\Users\User01\.dotnet\tools;C:\Users\User01\AppData\Local\Programs\Microsoft VS Code\bin;C:\Users\User01\AppData\Roaming\nvm;C:\Program Files\nodejs;C:\Users\User01\anaconda3;C:\Users\User01\anaconda3\Library\mingw-w64\bin;C:\Users\User01\anaconda3\Library\usr\bin;C:\Users\User01\anaconda3\Library\bin;C:\Users\User01\anaconda3\Scripts;C:\Users\User01\AppData\Roaming\npm;C:\Users\User01\Desktop;
USERNAME=User01
OS=Windows_NT
PROCESSOR_IDENTIFIER=Intel64 Family 6 Model 142 Stepping 12, GenuineIntel
TMP=C:\Users\User01\AppData\Local\Temp
TEMP=C:\Users\User01\AppData\Local\Temp




Periodic native trim disabled

---------------  S Y S T E M  ---------------

OS:
 Windows 11 , 64 bit Build 22621 (10.0.22621.4391)
OS uptime: 15 days 14:21 hours
Hyper-V role detected

CPU: total 8 (initial active 8) (4 cores per cpu, 2 threads per core) family 6 model 142 stepping 12 microcode 0xf0, cx8, cmov, fxsr, ht, mmx, 3dnowpref, sse, sse2, sse3, ssse3, sse4.1, sse4.2, popcnt, lzcnt, tsc, tscinvbit, avx, avx2, aes, erms, clmul, bmi1, bmi2, adx, fma, vzeroupper, clflush, clflushopt, hv, rdtscp, f16c
Processor Information for the first 8 processors :
  Max Mhz: 2301, Current Mhz: 2301, Mhz Limit: 2301

Memory: 4k page, system-wide physical 15977M (2096M free)
TotalPageFile size 65129M (AvailPageFile size 207M)
current process WorkingSet (physical memory assigned to process): 12M, peak: 12M
current process commit charge ("private bytes"): 60M, peak: 310M

vm_info: OpenJDK 64-Bit Server VM (23.0.1+11) for windows-amd64 JRE (23.0.1+11), built on 2024-10-15T00:00:00Z with MS VC++ 17.7 (VS2022)

END.
